2024-11-14 12:30:07 - INFO - Correo enviado con éxito a Andrés (andres.moncada.c@gmail.com).
2024-11-14 12:30:07 - INFO - Correo enviado con éxito a María (cuentanuevaparabing@outlook.com).
2024-11-14 12:31:03 - INFO - Correo enviado con éxito a Andrés (andres.moncada.c@gmail.com).
2024-11-14 12:31:03 - INFO - Correo enviado con éxito a María (cuentanuevaparabing@outlook.com).
2024-11-14 12:33:30 - INFO - Correo enviado con éxito a Andrés (andres.moncada.c@gmail.com).
2024-11-14 12:33:31 - INFO - Correo enviado con éxito a Felipe (cuentanuevaparabing@outlook.com).
2024-11-14 12:59:37 - INFO - Correo enviado con éxito a Andrés (andres.moncada.c@gmail.com).
2024-11-14 12:59:37 - INFO - Correo enviado con éxito a Felipe (cuentanuevaparabing@outlook.com).
2024-11-14 13:53:41 - INFO - Correo enviado con éxito a Andrés (andres.moncada.c@gmail.com).
2024-11-14 13:53:41 - INFO - Correo enviado con éxito a Felipe (cuentanuevaparabing@outlook.com).
2024-11-14 13:53:41 - INFO - Correo enviado con éxito a Juanito (admlocurafitness@gmai.com).
2024-11-14 13:57:24 - INFO - Correo enviado con éxito a Andrés (andres.moncada.c@gmail.com).
2024-11-14 13:57:24 - INFO - Correo enviado con éxito a Andrés (andres.moncada.c@gmail.com).
2024-11-14 13:57:24 - INFO - Correo enviado con éxito a Felipe (cuentanuevaparabing@outlook.com).
2024-11-14 13:57:24 - INFO - Correo enviado con éxito a Felipe (cuentanuevaparabing@outlook.com).
2024-11-14 13:57:25 - INFO - Correo enviado con éxito a Juanito (andresmoncadacorredor@gmai.com).
2024-11-14 13:57:25 - INFO - Correo enviado con éxito a Juanito (andresmoncadacorredor@gmai.com).
2024-11-14 13:58:15 - INFO - Correo enviado con éxito a Andrés (andres.moncada.c@gmail.com).
2024-11-14 13:58:16 - INFO - Correo enviado con éxito a Felipe (cuentanuevaparabing@outlook.com).
2024-11-14 13:58:16 - INFO - Correo enviado con éxito a Juanito (andresmoncadacorredor@gmai.com).
2024-11-14 14:04:33 - INFO - Correo enviado con éxito a Andrés (andres.moncada.c@gmail.com).
2024-11-14 14:04:33 - INFO - Correo enviado con éxito a Felipe (cuentanuevaparabing@outlook.com).
2024-11-14 14:04:34 - INFO - Correo enviado con éxito a Juanito (andresmoncadacorredor@gmai.com).
2024-11-14 14:06:08 - INFO - Correo enviado con éxito a Andrés (andres.moncada.c@gmail.com).
2024-11-14 14:06:08 - INFO - Correo enviado con éxito a Felipe (cuentanuevaparabing@outlook.com).
2024-11-14 14:06:09 - INFO - Correo enviado con éxito a Juanito (andresmoncadacorredor@gmail.com).
